ARM GAS  C:\Users\brenn\AppData\Local\Temp\ccNOVsO2.s 			page 1


   1              		.syntax unified
   2              		.cpu cortex-m3
   3              		.fpu softvfp
   4              		.eabi_attribute 20, 1
   5              		.eabi_attribute 21, 1
   6              		.eabi_attribute 23, 3
   7              		.eabi_attribute 24, 1
   8              		.eabi_attribute 25, 1
   9              		.eabi_attribute 26, 1
  10              		.eabi_attribute 30, 1
  11              		.eabi_attribute 34, 1
  12              		.eabi_attribute 18, 4
  13              		.thumb
  14              		.syntax unified
  15              		.file	"cymetadata.c"
  16              		.text
  17              	.Ltext0:
  18              		.cfi_sections	.debug_frame
  19              		.global	cy_metadata
  20              		.global	cy_meta_flashprotect
  21              		.global	cy_meta_wonvl
  22              		.global	cy_meta_custnvl
  23              		.global	cy_meta_configecc
  24              		.section	.cyconfigecc,"a",%progbits
  25              		.align	2
  26              		.type	cy_meta_configecc, %object
  27              		.size	cy_meta_configecc, 1608
  28              	cy_meta_configecc:
  29 0000 03       		.byte	3
  30 0001 52       		.byte	82
  31 0002 00       		.byte	0
  32 0003 40       		.byte	64
  33 0004 02       		.byte	2
  34 0005 64       		.byte	100
  35 0006 00       		.byte	0
  36 0007 40       		.byte	64
  37 0008 03       		.byte	3
  38 0009 65       		.byte	101
  39 000a 00       		.byte	0
  40 000b 40       		.byte	64
  41 000c 55       		.byte	85
  42 000d 04       		.byte	4
  43 000e 01       		.byte	1
  44 000f 40       		.byte	64
  45 0010 2E       		.byte	46
  46 0011 05       		.byte	5
  47 0012 01       		.byte	1
  48 0013 40       		.byte	64
  49 0014 52       		.byte	82
  50 0015 06       		.byte	6
  51 0016 01       		.byte	1
  52 0017 40       		.byte	64
  53 0018 39       		.byte	57
  54 0019 07       		.byte	7
  55 001a 01       		.byte	1
  56 001b 40       		.byte	64
  57 001c 04       		.byte	4
ARM GAS  C:\Users\brenn\AppData\Local\Temp\ccNOVsO2.s 			page 2


  58 001d 0E       		.byte	14
  59 001e 01       		.byte	1
  60 001f 40       		.byte	64
  61 0020 02       		.byte	2
  62 0021 0F       		.byte	15
  63 0022 01       		.byte	1
  64 0023 40       		.byte	64
  65 0024 4D       		.byte	77
  66 0025 14       		.byte	20
  67 0026 01       		.byte	1
  68 0027 40       		.byte	64
  69 0028 3C       		.byte	60
  70 0029 15       		.byte	21
  71 002a 01       		.byte	1
  72 002b 40       		.byte	64
  73 002c 18       		.byte	24
  74 002d 16       		.byte	22
  75 002e 01       		.byte	1
  76 002f 40       		.byte	64
  77 0030 3B       		.byte	59
  78 0031 17       		.byte	23
  79 0032 01       		.byte	1
  80 0033 40       		.byte	64
  81 0034 45       		.byte	69
  82 0035 18       		.byte	24
  83 0036 01       		.byte	1
  84 0037 40       		.byte	64
  85 0038 1E       		.byte	30
  86 0039 19       		.byte	25
  87 003a 01       		.byte	1
  88 003b 40       		.byte	64
  89 003c 03       		.byte	3
  90 003d 1B       		.byte	27
  91 003e 01       		.byte	1
  92 003f 40       		.byte	64
  93 0040 03       		.byte	3
  94 0041 40       		.byte	64
  95 0042 01       		.byte	1
  96 0043 40       		.byte	64
  97 0044 02       		.byte	2
  98 0045 41       		.byte	65
  99 0046 01       		.byte	1
 100 0047 40       		.byte	64
 101 0048 02       		.byte	2
 102 0049 42       		.byte	66
 103 004a 01       		.byte	1
 104 004b 40       		.byte	64
 105 004c 02       		.byte	2
 106 004d 43       		.byte	67
 107 004e 01       		.byte	1
 108 004f 40       		.byte	64
 109 0050 04       		.byte	4
 110 0051 44       		.byte	68
 111 0052 01       		.byte	1
 112 0053 40       		.byte	64
 113 0054 02       		.byte	2
 114 0055 46       		.byte	70
ARM GAS  C:\Users\brenn\AppData\Local\Temp\ccNOVsO2.s 			page 3


 115 0056 01       		.byte	1
 116 0057 40       		.byte	64
 117 0058 01       		.byte	1
 118 0059 47       		.byte	71
 119 005a 01       		.byte	1
 120 005b 40       		.byte	64
 121 005c 09       		.byte	9
 122 005d 48       		.byte	72
 123 005e 01       		.byte	1
 124 005f 40       		.byte	64
 125 0060 03       		.byte	3
 126 0061 49       		.byte	73
 127 0062 01       		.byte	1
 128 0063 40       		.byte	64
 129 0064 06       		.byte	6
 130 0065 4C       		.byte	76
 131 0066 01       		.byte	1
 132 0067 40       		.byte	64
 133 0068 03       		.byte	3
 134 0069 4D       		.byte	77
 135 006a 01       		.byte	1
 136 006b 40       		.byte	64
 137 006c 07       		.byte	7
 138 006d 50       		.byte	80
 139 006e 01       		.byte	1
 140 006f 40       		.byte	64
 141 0070 01       		.byte	1
 142 0071 51       		.byte	81
 143 0072 01       		.byte	1
 144 0073 40       		.byte	64
 145 0074 09       		.byte	9
 146 0075 10       		.byte	16
 147 0076 79       		.byte	121
 148 0077 02       		.byte	2
 149 0078 7C       		.byte	124
 150 0079 04       		.byte	4
 151 007a 84       		.byte	-124
 152 007b 0F       		.byte	15
 153 007c 87       		.byte	-121
 154 007d 38       		.byte	56
 155 007e 84       		.byte	-124
 156 007f 0D       		.byte	13
 157 0080 87       		.byte	-121
 158 0081 72       		.byte	114
 159 0082 89       		.byte	-119
 160 0083 0F       		.byte	15
 161 0084 04       		.byte	4
 162 0085 14       		.byte	20
 163 0086 05       		.byte	5
 164 0087 01       		.byte	1
 165 0088 06       		.byte	6
 166 0089 08       		.byte	8
 167 008a 0B       		.byte	11
 168 008b 01       		.byte	1
 169 008c 0C       		.byte	12
 170 008d 06       		.byte	6
 171 008e 0E       		.byte	14
ARM GAS  C:\Users\brenn\AppData\Local\Temp\ccNOVsO2.s 			page 4


 172 008f 18       		.byte	24
 173 0090 10       		.byte	16
 174 0091 01       		.byte	1
 175 0092 18       		.byte	24
 176 0093 06       		.byte	6
 177 0094 1A       		.byte	26
 178 0095 08       		.byte	8
 179 0096 1B       		.byte	27
 180 0097 01       		.byte	1
 181 0098 22       		.byte	34
 182 0099 10       		.byte	16
 183 009a 24       		.byte	36
 184 009b 06       		.byte	6
 185 009c 26       		.byte	38
 186 009d 08       		.byte	8
 187 009e 2A       		.byte	42
 188 009f 0A       		.byte	10
 189 00a0 2B       		.byte	43
 190 00a1 01       		.byte	1
 191 00a2 2D       		.byte	45
 192 00a3 01       		.byte	1
 193 00a4 34       		.byte	52
 194 00a5 01       		.byte	1
 195 00a6 36       		.byte	54
 196 00a7 1E       		.byte	30
 197 00a8 37       		.byte	55
 198 00a9 01       		.byte	1
 199 00aa 3A       		.byte	58
 200 00ab 80       		.byte	-128
 201 00ac 3E       		.byte	62
 202 00ad 10       		.byte	16
 203 00ae 3F       		.byte	63
 204 00af 40       		.byte	64
 205 00b0 40       		.byte	64
 206 00b1 53       		.byte	83
 207 00b2 41       		.byte	65
 208 00b3 02       		.byte	2
 209 00b4 45       		.byte	69
 210 00b5 0C       		.byte	12
 211 00b6 46       		.byte	70
 212 00b7 0E       		.byte	14
 213 00b8 47       		.byte	71
 214 00b9 0B       		.byte	11
 215 00ba 48       		.byte	72
 216 00bb 15       		.byte	21
 217 00bc 49       		.byte	73
 218 00bd FF       		.byte	-1
 219 00be 4A       		.byte	74
 220 00bf FF       		.byte	-1
 221 00c0 4B       		.byte	75
 222 00c1 FF       		.byte	-1
 223 00c2 4E       		.byte	78
 224 00c3 F0       		.byte	-16
 225 00c4 4F       		.byte	79
 226 00c5 44       		.byte	68
 227 00c6 50       		.byte	80
 228 00c7 0C       		.byte	12
ARM GAS  C:\Users\brenn\AppData\Local\Temp\ccNOVsO2.s 			page 5


 229 00c8 54       		.byte	84
 230 00c9 01       		.byte	1
 231 00ca 58       		.byte	88
 232 00cb 04       		.byte	4
 233 00cc 59       		.byte	89
 234 00cd 04       		.byte	4
 235 00ce 5A       		.byte	90
 236 00cf 04       		.byte	4
 237 00d0 5B       		.byte	91
 238 00d1 04       		.byte	4
 239 00d2 5C       		.byte	92
 240 00d3 02       		.byte	2
 241 00d4 5D       		.byte	93
 242 00d5 22       		.byte	34
 243 00d6 5F       		.byte	95
 244 00d7 01       		.byte	1
 245 00d8 66       		.byte	102
 246 00d9 C0       		.byte	-64
 247 00da 6A       		.byte	106
 248 00db 40       		.byte	64
 249 00dc 6B       		.byte	107
 250 00dd 02       		.byte	2
 251 00de 84       		.byte	-124
 252 00df 1C       		.byte	28
 253 00e0 86       		.byte	-122
 254 00e1 02       		.byte	2
 255 00e2 88       		.byte	-120
 256 00e3 0C       		.byte	12
 257 00e4 8A       		.byte	-118
 258 00e5 11       		.byte	17
 259 00e6 8B       		.byte	-117
 260 00e7 01       		.byte	1
 261 00e8 8C       		.byte	-116
 262 00e9 09       		.byte	9
 263 00ea 8E       		.byte	-114
 264 00eb 10       		.byte	16
 265 00ec 92       		.byte	-110
 266 00ed 03       		.byte	3
 267 00ee 99       		.byte	-103
 268 00ef 02       		.byte	2
 269 00f0 9C       		.byte	-100
 270 00f1 10       		.byte	16
 271 00f2 9E       		.byte	-98
 272 00f3 0C       		.byte	12
 273 00f4 A4       		.byte	-92
 274 00f5 14       		.byte	20
 275 00f6 A8       		.byte	-88
 276 00f7 10       		.byte	16
 277 00f8 A9       		.byte	-87
 278 00f9 03       		.byte	3
 279 00fa AD       		.byte	-83
 280 00fb 03       		.byte	3
 281 00fc B0       		.byte	-80
 282 00fd 1F       		.byte	31
 283 00fe B1       		.byte	-79
 284 00ff 03       		.byte	3
 285 0100 B2       		.byte	-78
ARM GAS  C:\Users\brenn\AppData\Local\Temp\ccNOVsO2.s 			page 6


 286 0101 1F       		.byte	31
 287 0102 B9       		.byte	-71
 288 0103 02       		.byte	2
 289 0104 BF       		.byte	-65
 290 0105 01       		.byte	1
 291 0106 C0       		.byte	-64
 292 0107 01       		.byte	1
 293 0108 C7       		.byte	-57
 294 0109 04       		.byte	4
 295 010a C9       		.byte	-55
 296 010b FF       		.byte	-1
 297 010c CA       		.byte	-54
 298 010d 07       		.byte	7
 299 010e CB       		.byte	-53
 300 010f FF       		.byte	-1
 301 0110 CC       		.byte	-52
 302 0111 40       		.byte	64
 303 0112 CD       		.byte	-51
 304 0113 20       		.byte	32
 305 0114 CE       		.byte	-50
 306 0115 F0       		.byte	-16
 307 0116 CF       		.byte	-49
 308 0117 05       		.byte	5
 309 0118 D0       		.byte	-48
 310 0119 08       		.byte	8
 311 011a D8       		.byte	-40
 312 011b 04       		.byte	4
 313 011c D9       		.byte	-39
 314 011d 04       		.byte	4
 315 011e DA       		.byte	-38
 316 011f 04       		.byte	4
 317 0120 DC       		.byte	-36
 318 0121 02       		.byte	2
 319 0122 DD       		.byte	-35
 320 0123 02       		.byte	2
 321 0124 DF       		.byte	-33
 322 0125 01       		.byte	1
 323 0126 E0       		.byte	-32
 324 0127 40       		.byte	64
 325 0128 E1       		.byte	-31
 326 0129 A8       		.byte	-88
 327 012a E2       		.byte	-30
 328 012b 40       		.byte	64
 329 012c E3       		.byte	-29
 330 012d 20       		.byte	32
 331 012e 01       		.byte	1
 332 012f 80       		.byte	-128
 333 0130 03       		.byte	3
 334 0131 10       		.byte	16
 335 0132 06       		.byte	6
 336 0133 08       		.byte	8
 337 0134 07       		.byte	7
 338 0135 12       		.byte	18
 339 0136 08       		.byte	8
 340 0137 01       		.byte	1
 341 0138 0B       		.byte	11
 342 0139 88       		.byte	-120
ARM GAS  C:\Users\brenn\AppData\Local\Temp\ccNOVsO2.s 			page 7


 343 013a 0E       		.byte	14
 344 013b 81       		.byte	-127
 345 013c 10       		.byte	16
 346 013d 30       		.byte	48
 347 013e 11       		.byte	17
 348 013f 20       		.byte	32
 349 0140 13       		.byte	19
 350 0141 02       		.byte	2
 351 0142 15       		.byte	21
 352 0143 08       		.byte	8
 353 0144 16       		.byte	22
 354 0145 04       		.byte	4
 355 0146 19       		.byte	25
 356 0147 80       		.byte	-128
 357 0148 1A       		.byte	26
 358 0149 05       		.byte	5
 359 014a 1E       		.byte	30
 360 014b 90       		.byte	-112
 361 014c 22       		.byte	34
 362 014d 40       		.byte	64
 363 014e 27       		.byte	39
 364 014f 40       		.byte	64
 365 0150 29       		.byte	41
 366 0151 90       		.byte	-112
 367 0152 2D       		.byte	45
 368 0153 80       		.byte	-128
 369 0154 2F       		.byte	47
 370 0155 04       		.byte	4
 371 0156 30       		.byte	48
 372 0157 20       		.byte	32
 373 0158 35       		.byte	53
 374 0159 10       		.byte	16
 375 015a 37       		.byte	55
 376 015b 10       		.byte	16
 377 015c 3A       		.byte	58
 378 015d 28       		.byte	40
 379 015e 3B       		.byte	59
 380 015f 08       		.byte	8
 381 0160 3F       		.byte	63
 382 0161 20       		.byte	32
 383 0162 42       		.byte	66
 384 0163 28       		.byte	40
 385 0164 47       		.byte	71
 386 0165 40       		.byte	64
 387 0166 48       		.byte	72
 388 0167 20       		.byte	32
 389 0168 49       		.byte	73
 390 0169 80       		.byte	-128
 391 016a 51       		.byte	81
 392 016b 04       		.byte	4
 393 016c 53       		.byte	83
 394 016d 40       		.byte	64
 395 016e 55       		.byte	85
 396 016f 10       		.byte	16
 397 0170 56       		.byte	86
 398 0171 24       		.byte	36
 399 0172 57       		.byte	87
ARM GAS  C:\Users\brenn\AppData\Local\Temp\ccNOVsO2.s 			page 8


 400 0173 10       		.byte	16
 401 0174 58       		.byte	88
 402 0175 11       		.byte	17
 403 0176 5A       		.byte	90
 404 0177 84       		.byte	-124
 405 0178 C0       		.byte	-64
 406 0179 E5       		.byte	-27
 407 017a C2       		.byte	-62
 408 017b 9A       		.byte	-102
 409 017c C4       		.byte	-60
 410 017d 6E       		.byte	110
 411 017e CA       		.byte	-54
 412 017f 3C       		.byte	60
 413 0180 CC       		.byte	-52
 414 0181 24       		.byte	36
 415 0182 CE       		.byte	-50
 416 0183 26       		.byte	38
 417 0184 D0       		.byte	-48
 418 0185 16       		.byte	22
 419 0186 D2       		.byte	-46
 420 0187 08       		.byte	8
 421 0188 D6       		.byte	-42
 422 0189 0F       		.byte	15
 423 018a 01       		.byte	1
 424 018b 01       		.byte	1
 425 018c 03       		.byte	3
 426 018d 06       		.byte	6
 427 018e 06       		.byte	6
 428 018f 03       		.byte	3
 429 0190 0A       		.byte	10
 430 0191 02       		.byte	2
 431 0192 0B       		.byte	11
 432 0193 03       		.byte	3
 433 0194 13       		.byte	19
 434 0195 0C       		.byte	12
 435 0196 16       		.byte	22
 436 0197 01       		.byte	1
 437 0198 17       		.byte	23
 438 0199 08       		.byte	8
 439 019a 19       		.byte	25
 440 019b 0C       		.byte	12
 441 019c 1B       		.byte	27
 442 019d 03       		.byte	3
 443 019e 1E       		.byte	30
 444 019f 05       		.byte	5
 445 01a0 22       		.byte	34
 446 01a1 06       		.byte	6
 447 01a2 28       		.byte	40
 448 01a3 06       		.byte	6
 449 01a4 29       		.byte	41
 450 01a5 01       		.byte	1
 451 01a6 2A       		.byte	42
 452 01a7 01       		.byte	1
 453 01a8 2B       		.byte	43
 454 01a9 0E       		.byte	14
 455 01aa 32       		.byte	50
 456 01ab 07       		.byte	7
ARM GAS  C:\Users\brenn\AppData\Local\Temp\ccNOVsO2.s 			page 9


 457 01ac 33       		.byte	51
 458 01ad 0F       		.byte	15
 459 01ae 3A       		.byte	58
 460 01af 08       		.byte	8
 461 01b0 3B       		.byte	59
 462 01b1 08       		.byte	8
 463 01b2 58       		.byte	88
 464 01b3 04       		.byte	4
 465 01b4 59       		.byte	89
 466 01b5 04       		.byte	4
 467 01b6 5C       		.byte	92
 468 01b7 22       		.byte	34
 469 01b8 5F       		.byte	95
 470 01b9 01       		.byte	1
 471 01ba 85       		.byte	-123
 472 01bb 10       		.byte	16
 473 01bc 86       		.byte	-122
 474 01bd 01       		.byte	1
 475 01be 89       		.byte	-119
 476 01bf 20       		.byte	32
 477 01c0 8A       		.byte	-118
 478 01c1 02       		.byte	2
 479 01c2 8C       		.byte	-116
 480 01c3 01       		.byte	1
 481 01c4 90       		.byte	-112
 482 01c5 01       		.byte	1
 483 01c6 93       		.byte	-109
 484 01c7 10       		.byte	16
 485 01c8 97       		.byte	-105
 486 01c9 02       		.byte	2
 487 01ca 9B       		.byte	-101
 488 01cb 04       		.byte	4
 489 01cc 9F       		.byte	-97
 490 01cd 08       		.byte	8
 491 01ce A1       		.byte	-95
 492 01cf 10       		.byte	16
 493 01d0 A2       		.byte	-94
 494 01d1 01       		.byte	1
 495 01d2 A6       		.byte	-90
 496 01d3 02       		.byte	2
 497 01d4 A7       		.byte	-89
 498 01d5 08       		.byte	8
 499 01d6 AB       		.byte	-85
 500 01d7 05       		.byte	5
 501 01d8 B1       		.byte	-79
 502 01d9 06       		.byte	6
 503 01da B3       		.byte	-77
 504 01db 01       		.byte	1
 505 01dc B4       		.byte	-76
 506 01dd 01       		.byte	1
 507 01de B5       		.byte	-75
 508 01df 08       		.byte	8
 509 01e0 B6       		.byte	-74
 510 01e1 02       		.byte	2
 511 01e2 B7       		.byte	-73
 512 01e3 30       		.byte	48
 513 01e4 B8       		.byte	-72
ARM GAS  C:\Users\brenn\AppData\Local\Temp\ccNOVsO2.s 			page 10


 514 01e5 20       		.byte	32
 515 01e6 B9       		.byte	-71
 516 01e7 80       		.byte	-128
 517 01e8 BA       		.byte	-70
 518 01e9 02       		.byte	2
 519 01ea BE       		.byte	-66
 520 01eb 40       		.byte	64
 521 01ec BF       		.byte	-65
 522 01ed 11       		.byte	17
 523 01ee C0       		.byte	-64
 524 01ef 61       		.byte	97
 525 01f0 C1       		.byte	-63
 526 01f1 04       		.byte	4
 527 01f2 C2       		.byte	-62
 528 01f3 03       		.byte	3
 529 01f4 C4       		.byte	-60
 530 01f5 05       		.byte	5
 531 01f6 C5       		.byte	-59
 532 01f7 E0       		.byte	-32
 533 01f8 C6       		.byte	-58
 534 01f9 C0       		.byte	-64
 535 01fa C8       		.byte	-56
 536 01fb 0A       		.byte	10
 537 01fc C9       		.byte	-55
 538 01fd FF       		.byte	-1
 539 01fe CA       		.byte	-54
 540 01ff FF       		.byte	-1
 541 0200 CB       		.byte	-53
 542 0201 FF       		.byte	-1
 543 0202 CC       		.byte	-52
 544 0203 62       		.byte	98
 545 0204 CD       		.byte	-51
 546 0205 A0       		.byte	-96
 547 0206 CE       		.byte	-50
 548 0207 F0       		.byte	-16
 549 0208 CF       		.byte	-49
 550 0209 41       		.byte	65
 551 020a D0       		.byte	-48
 552 020b 0C       		.byte	12
 553 020c D4       		.byte	-44
 554 020d 18       		.byte	24
 555 020e D6       		.byte	-42
 556 020f 04       		.byte	4
 557 0210 D8       		.byte	-40
 558 0211 04       		.byte	4
 559 0212 D9       		.byte	-39
 560 0213 04       		.byte	4
 561 0214 DA       		.byte	-38
 562 0215 04       		.byte	4
 563 0216 DB       		.byte	-37
 564 0217 04       		.byte	4
 565 0218 DC       		.byte	-36
 566 0219 22       		.byte	34
 567 021a DD       		.byte	-35
 568 021b 22       		.byte	34
 569 021c DF       		.byte	-33
 570 021d 01       		.byte	1
ARM GAS  C:\Users\brenn\AppData\Local\Temp\ccNOVsO2.s 			page 11


 571 021e E6       		.byte	-26
 572 021f 40       		.byte	64
 573 0220 E7       		.byte	-25
 574 0221 02       		.byte	2
 575 0222 E9       		.byte	-23
 576 0223 10       		.byte	16
 577 0224 EA       		.byte	-22
 578 0225 30       		.byte	48
 579 0226 EB       		.byte	-21
 580 0227 10       		.byte	16
 581 0228 ED       		.byte	-19
 582 0229 10       		.byte	16
 583 022a EE       		.byte	-18
 584 022b 10       		.byte	16
 585 022c EF       		.byte	-17
 586 022d 12       		.byte	18
 587 022e 00       		.byte	0
 588 022f 64       		.byte	100
 589 0230 03       		.byte	3
 590 0231 08       		.byte	8
 591 0232 05       		.byte	5
 592 0233 04       		.byte	4
 593 0234 06       		.byte	6
 594 0235 04       		.byte	4
 595 0236 07       		.byte	7
 596 0237 08       		.byte	8
 597 0238 0A       		.byte	10
 598 0239 80       		.byte	-128
 599 023a 0E       		.byte	14
 600 023b 01       		.byte	1
 601 023c 0F       		.byte	15
 602 023d 20       		.byte	32
 603 023e 10       		.byte	16
 604 023f 20       		.byte	32
 605 0240 12       		.byte	18
 606 0241 80       		.byte	-128
 607 0242 17       		.byte	23
 608 0243 12       		.byte	18
 609 0244 18       		.byte	24
 610 0245 40       		.byte	64
 611 0246 19       		.byte	25
 612 0247 40       		.byte	64
 613 0248 1B       		.byte	27
 614 0249 20       		.byte	32
 615 024a 1D       		.byte	29
 616 024b 04       		.byte	4
 617 024c 1F       		.byte	31
 618 024d 04       		.byte	4
 619 024e 21       		.byte	33
 620 024f 04       		.byte	4
 621 0250 22       		.byte	34
 622 0251 02       		.byte	2
 623 0252 23       		.byte	35
 624 0253 06       		.byte	6
 625 0254 27       		.byte	39
 626 0255 10       		.byte	16
 627 0256 2A       		.byte	42
ARM GAS  C:\Users\brenn\AppData\Local\Temp\ccNOVsO2.s 			page 12


 628 0257 22       		.byte	34
 629 0258 2B       		.byte	43
 630 0259 20       		.byte	32
 631 025a 2F       		.byte	47
 632 025b 04       		.byte	4
 633 025c 30       		.byte	48
 634 025d 80       		.byte	-128
 635 025e 32       		.byte	50
 636 025f 14       		.byte	20
 637 0260 33       		.byte	51
 638 0261 02       		.byte	2
 639 0262 37       		.byte	55
 640 0263 1A       		.byte	26
 641 0264 38       		.byte	56
 642 0265 10       		.byte	16
 643 0266 3B       		.byte	59
 644 0267 08       		.byte	8
 645 0268 3C       		.byte	60
 646 0269 10       		.byte	16
 647 026a 3E       		.byte	62
 648 026b 03       		.byte	3
 649 026c 3F       		.byte	63
 650 026d 20       		.byte	32
 651 026e 40       		.byte	64
 652 026f 40       		.byte	64
 653 0270 43       		.byte	67
 654 0271 88       		.byte	-120
 655 0272 48       		.byte	72
 656 0273 80       		.byte	-128
 657 0274 49       		.byte	73
 658 0275 20       		.byte	32
 659 0276 4A       		.byte	74
 660 0277 02       		.byte	2
 661 0278 50       		.byte	80
 662 0279 20       		.byte	32
 663 027a 5A       		.byte	90
 664 027b 02       		.byte	2
 665 027c 61       		.byte	97
 666 027d 40       		.byte	64
 667 027e 62       		.byte	98
 668 027f 01       		.byte	1
 669 0280 63       		.byte	99
 670 0281 04       		.byte	4
 671 0282 92       		.byte	-110
 672 0283 11       		.byte	17
 673 0284 97       		.byte	-105
 674 0285 08       		.byte	8
 675 0286 9A       		.byte	-102
 676 0287 04       		.byte	4
 677 0288 9F       		.byte	-97
 678 0289 12       		.byte	18
 679 028a A3       		.byte	-93
 680 028b 10       		.byte	16
 681 028c C0       		.byte	-64
 682 028d 67       		.byte	103
 683 028e C2       		.byte	-62
 684 028f A8       		.byte	-88
ARM GAS  C:\Users\brenn\AppData\Local\Temp\ccNOVsO2.s 			page 13


 685 0290 C4       		.byte	-60
 686 0291 5C       		.byte	92
 687 0292 CA       		.byte	-54
 688 0293 27       		.byte	39
 689 0294 CC       		.byte	-52
 690 0295 EF       		.byte	-17
 691 0296 CE       		.byte	-50
 692 0297 A6       		.byte	-90
 693 0298 D0       		.byte	-48
 694 0299 0B       		.byte	11
 695 029a D2       		.byte	-46
 696 029b 0C       		.byte	12
 697 029c D6       		.byte	-42
 698 029d 01       		.byte	1
 699 029e D8       		.byte	-40
 700 029f 0D       		.byte	13
 701 02a0 B9       		.byte	-71
 702 02a1 80       		.byte	-128
 703 02a2 BF       		.byte	-65
 704 02a3 40       		.byte	64
 705 02a4 D9       		.byte	-39
 706 02a5 04       		.byte	4
 707 02a6 DF       		.byte	-33
 708 02a7 01       		.byte	1
 709 02a8 26       		.byte	38
 710 02a9 80       		.byte	-128
 711 02aa 8A       		.byte	-118
 712 02ab 80       		.byte	-128
 713 02ac 02       		.byte	2
 714 02ad 02       		.byte	2
 715 02ae 04       		.byte	4
 716 02af 0C       		.byte	12
 717 02b0 06       		.byte	6
 718 02b1 02       		.byte	2
 719 02b2 07       		.byte	7
 720 02b3 04       		.byte	4
 721 02b4 08       		.byte	8
 722 02b5 02       		.byte	2
 723 02b6 09       		.byte	9
 724 02b7 08       		.byte	8
 725 02b8 0A       		.byte	10
 726 02b9 0C       		.byte	12
 727 02ba 0C       		.byte	12
 728 02bb 0C       		.byte	12
 729 02bc 0D       		.byte	13
 730 02bd 04       		.byte	4
 731 02be 0E       		.byte	14
 732 02bf 02       		.byte	2
 733 02c0 11       		.byte	17
 734 02c1 1C       		.byte	28
 735 02c2 12       		.byte	18
 736 02c3 01       		.byte	1
 737 02c4 13       		.byte	19
 738 02c5 02       		.byte	2
 739 02c6 19       		.byte	25
 740 02c7 18       		.byte	24
 741 02c8 1D       		.byte	29
ARM GAS  C:\Users\brenn\AppData\Local\Temp\ccNOVsO2.s 			page 14


 742 02c9 10       		.byte	16
 743 02ca 1E       		.byte	30
 744 02cb 01       		.byte	1
 745 02cc 20       		.byte	32
 746 02cd 08       		.byte	8
 747 02ce 21       		.byte	33
 748 02cf 1F       		.byte	31
 749 02d0 24       		.byte	36
 750 02d1 04       		.byte	4
 751 02d2 25       		.byte	37
 752 02d3 1C       		.byte	28
 753 02d4 27       		.byte	39
 754 02d5 01       		.byte	1
 755 02d6 28       		.byte	40
 756 02d7 0C       		.byte	12
 757 02d8 29       		.byte	41
 758 02d9 07       		.byte	7
 759 02da 2B       		.byte	43
 760 02db 18       		.byte	24
 761 02dc 2C       		.byte	44
 762 02dd 0E       		.byte	14
 763 02de 2F       		.byte	47
 764 02df 03       		.byte	3
 765 02e0 30       		.byte	48
 766 02e1 01       		.byte	1
 767 02e2 34       		.byte	52
 768 02e3 0E       		.byte	14
 769 02e4 37       		.byte	55
 770 02e5 1F       		.byte	31
 771 02e6 3A       		.byte	58
 772 02e7 20       		.byte	32
 773 02e8 3B       		.byte	59
 774 02e9 80       		.byte	-128
 775 02ea 3E       		.byte	62
 776 02eb 01       		.byte	1
 777 02ec 40       		.byte	64
 778 02ed 45       		.byte	69
 779 02ee 49       		.byte	73
 780 02ef FF       		.byte	-1
 781 02f0 4A       		.byte	74
 782 02f1 FF       		.byte	-1
 783 02f2 4B       		.byte	75
 784 02f3 FF       		.byte	-1
 785 02f4 4F       		.byte	79
 786 02f5 01       		.byte	1
 787 02f6 50       		.byte	80
 788 02f7 18       		.byte	24
 789 02f8 52       		.byte	82
 790 02f9 80       		.byte	-128
 791 02fa 54       		.byte	84
 792 02fb 01       		.byte	1
 793 02fc 56       		.byte	86
 794 02fd 04       		.byte	4
 795 02fe 58       		.byte	88
 796 02ff 04       		.byte	4
 797 0300 59       		.byte	89
 798 0301 04       		.byte	4
ARM GAS  C:\Users\brenn\AppData\Local\Temp\ccNOVsO2.s 			page 15


 799 0302 5A       		.byte	90
 800 0303 04       		.byte	4
 801 0304 5B       		.byte	91
 802 0305 04       		.byte	4
 803 0306 5C       		.byte	92
 804 0307 22       		.byte	34
 805 0308 5D       		.byte	93
 806 0309 99       		.byte	-103
 807 030a 5F       		.byte	95
 808 030b 01       		.byte	1
 809 030c 60       		.byte	96
 810 030d 40       		.byte	64
 811 030e 62       		.byte	98
 812 030f 40       		.byte	64
 813 0310 64       		.byte	100
 814 0311 40       		.byte	64
 815 0312 65       		.byte	101
 816 0313 40       		.byte	64
 817 0314 66       		.byte	102
 818 0315 80       		.byte	-128
 819 0316 68       		.byte	104
 820 0317 80       		.byte	-128
 821 0318 6A       		.byte	106
 822 0319 80       		.byte	-128
 823 031a 6C       		.byte	108
 824 031b 80       		.byte	-128
 825 031c 6E       		.byte	110
 826 031d 80       		.byte	-128
 827 031e C0       		.byte	-64
 828 031f 45       		.byte	69
 829 0320 C9       		.byte	-55
 830 0321 FF       		.byte	-1
 831 0322 CA       		.byte	-54
 832 0323 FF       		.byte	-1
 833 0324 CB       		.byte	-53
 834 0325 FF       		.byte	-1
 835 0326 CD       		.byte	-51
 836 0327 83       		.byte	-125
 837 0328 CE       		.byte	-50
 838 0329 03       		.byte	3
 839 032a CF       		.byte	-49
 840 032b 01       		.byte	1
 841 032c D0       		.byte	-48
 842 032d 18       		.byte	24
 843 032e DA       		.byte	-38
 844 032f 04       		.byte	4
 845 0330 DD       		.byte	-35
 846 0331 09       		.byte	9
 847 0332 DF       		.byte	-33
 848 0333 01       		.byte	1
 849 0334 E0       		.byte	-32
 850 0335 40       		.byte	64
 851 0336 E2       		.byte	-30
 852 0337 40       		.byte	64
 853 0338 E4       		.byte	-28
 854 0339 40       		.byte	64
 855 033a E5       		.byte	-27
ARM GAS  C:\Users\brenn\AppData\Local\Temp\ccNOVsO2.s 			page 16


 856 033b 40       		.byte	64
 857 033c E6       		.byte	-26
 858 033d 80       		.byte	-128
 859 033e E8       		.byte	-24
 860 033f 80       		.byte	-128
 861 0340 EA       		.byte	-22
 862 0341 80       		.byte	-128
 863 0342 EC       		.byte	-20
 864 0343 80       		.byte	-128
 865 0344 EE       		.byte	-18
 866 0345 80       		.byte	-128
 867 0346 00       		.byte	0
 868 0347 04       		.byte	4
 869 0348 01       		.byte	1
 870 0349 A0       		.byte	-96
 871 034a 03       		.byte	3
 872 034b 82       		.byte	-126
 873 034c 0A       		.byte	10
 874 034d 40       		.byte	64
 875 034e 0B       		.byte	11
 876 034f 02       		.byte	2
 877 0350 10       		.byte	16
 878 0351 40       		.byte	64
 879 0352 12       		.byte	18
 880 0353 11       		.byte	17
 881 0354 13       		.byte	19
 882 0355 26       		.byte	38
 883 0356 18       		.byte	24
 884 0357 04       		.byte	4
 885 0358 1A       		.byte	26
 886 0359 80       		.byte	-128
 887 035a 1B       		.byte	27
 888 035b 10       		.byte	16
 889 035c 22       		.byte	34
 890 035d 80       		.byte	-128
 891 035e 29       		.byte	41
 892 035f 60       		.byte	96
 893 0360 2A       		.byte	42
 894 0361 01       		.byte	1
 895 0362 2B       		.byte	43
 896 0363 10       		.byte	16
 897 0364 30       		.byte	48
 898 0365 40       		.byte	64
 899 0366 33       		.byte	51
 900 0367 12       		.byte	18
 901 0368 35       		.byte	53
 902 0369 80       		.byte	-128
 903 036a 36       		.byte	54
 904 036b 80       		.byte	-128
 905 036c 37       		.byte	55
 906 036d 30       		.byte	48
 907 036e 39       		.byte	57
 908 036f 08       		.byte	8
 909 0370 3A       		.byte	58
 910 0371 10       		.byte	16
 911 0372 3B       		.byte	59
 912 0373 80       		.byte	-128
ARM GAS  C:\Users\brenn\AppData\Local\Temp\ccNOVsO2.s 			page 17


 913 0374 42       		.byte	66
 914 0375 40       		.byte	64
 915 0376 46       		.byte	70
 916 0377 80       		.byte	-128
 917 0378 48       		.byte	72
 918 0379 02       		.byte	2
 919 037a 4C       		.byte	76
 920 037b 02       		.byte	2
 921 037c 59       		.byte	89
 922 037d 05       		.byte	5
 923 037e 5A       		.byte	90
 924 037f 80       		.byte	-128
 925 0380 60       		.byte	96
 926 0381 80       		.byte	-128
 927 0382 72       		.byte	114
 928 0383 C0       		.byte	-64
 929 0384 91       		.byte	-111
 930 0385 08       		.byte	8
 931 0386 93       		.byte	-109
 932 0387 86       		.byte	-122
 933 0388 94       		.byte	-108
 934 0389 04       		.byte	4
 935 038a 99       		.byte	-103
 936 038b 65       		.byte	101
 937 038c 9A       		.byte	-102
 938 038d 01       		.byte	1
 939 038e 9B       		.byte	-101
 940 038f 22       		.byte	34
 941 0390 9C       		.byte	-100
 942 0391 80       		.byte	-128
 943 0392 9E       		.byte	-98
 944 0393 80       		.byte	-128
 945 0394 9F       		.byte	-97
 946 0395 10       		.byte	16
 947 0396 A0       		.byte	-96
 948 0397 02       		.byte	2
 949 0398 A3       		.byte	-93
 950 0399 80       		.byte	-128
 951 039a A6       		.byte	-90
 952 039b 80       		.byte	-128
 953 039c A9       		.byte	-87
 954 039d 20       		.byte	32
 955 039e AA       		.byte	-86
 956 039f 40       		.byte	64
 957 03a0 AD       		.byte	-83
 958 03a1 80       		.byte	-128
 959 03a2 AE       		.byte	-82
 960 03a3 21       		.byte	33
 961 03a4 AF       		.byte	-81
 962 03a5 40       		.byte	64
 963 03a6 B7       		.byte	-73
 964 03a7 40       		.byte	64
 965 03a8 C0       		.byte	-64
 966 03a9 0F       		.byte	15
 967 03aa C2       		.byte	-62
 968 03ab 09       		.byte	9
 969 03ac C4       		.byte	-60
ARM GAS  C:\Users\brenn\AppData\Local\Temp\ccNOVsO2.s 			page 18


 970 03ad 0F       		.byte	15
 971 03ae CA       		.byte	-54
 972 03af 0F       		.byte	15
 973 03b0 CC       		.byte	-52
 974 03b1 0D       		.byte	13
 975 03b2 CE       		.byte	-50
 976 03b3 0E       		.byte	14
 977 03b4 D0       		.byte	-48
 978 03b5 81       		.byte	-127
 979 03b6 D2       		.byte	-46
 980 03b7 18       		.byte	24
 981 03b8 D6       		.byte	-42
 982 03b9 0B       		.byte	11
 983 03ba D8       		.byte	-40
 984 03bb 01       		.byte	1
 985 03bc EA       		.byte	-22
 986 03bd 10       		.byte	16
 987 03be 09       		.byte	9
 988 03bf 01       		.byte	1
 989 03c0 31       		.byte	49
 990 03c1 01       		.byte	1
 991 03c2 3F       		.byte	63
 992 03c3 01       		.byte	1
 993 03c4 40       		.byte	64
 994 03c5 45       		.byte	69
 995 03c6 49       		.byte	73
 996 03c7 FF       		.byte	-1
 997 03c8 4A       		.byte	74
 998 03c9 FF       		.byte	-1
 999 03ca 4B       		.byte	75
 1000 03cb FF       		.byte	-1
 1001 03cc 4D       		.byte	77
 1002 03cd 83       		.byte	-125
 1003 03ce 4E       		.byte	78
 1004 03cf 03       		.byte	3
 1005 03d0 4F       		.byte	79
 1006 03d1 01       		.byte	1
 1007 03d2 50       		.byte	80
 1008 03d3 18       		.byte	24
 1009 03d4 59       		.byte	89
 1010 03d5 04       		.byte	4
 1011 03d6 5A       		.byte	90
 1012 03d7 04       		.byte	4
 1013 03d8 5D       		.byte	93
 1014 03d9 09       		.byte	9
 1015 03da 5F       		.byte	95
 1016 03db 01       		.byte	1
 1017 03dc 60       		.byte	96
 1018 03dd 40       		.byte	64
 1019 03de 62       		.byte	98
 1020 03df 40       		.byte	64
 1021 03e0 64       		.byte	100
 1022 03e1 40       		.byte	64
 1023 03e2 65       		.byte	101
 1024 03e3 40       		.byte	64
 1025 03e4 66       		.byte	102
 1026 03e5 80       		.byte	-128
ARM GAS  C:\Users\brenn\AppData\Local\Temp\ccNOVsO2.s 			page 19


 1027 03e6 68       		.byte	104
 1028 03e7 80       		.byte	-128
 1029 03e8 6A       		.byte	106
 1030 03e9 80       		.byte	-128
 1031 03ea 6C       		.byte	108
 1032 03eb 80       		.byte	-128
 1033 03ec 6E       		.byte	110
 1034 03ed 80       		.byte	-128
 1035 03ee 00       		.byte	0
 1036 03ef 44       		.byte	68
 1037 03f0 02       		.byte	2
 1038 03f1 01       		.byte	1
 1039 03f2 0A       		.byte	10
 1040 03f3 A9       		.byte	-87
 1041 03f4 11       		.byte	17
 1042 03f5 54       		.byte	84
 1043 03f6 12       		.byte	18
 1044 03f7 80       		.byte	-128
 1045 03f8 19       		.byte	25
 1046 03f9 42       		.byte	66
 1047 03fa 1A       		.byte	26
 1048 03fb 28       		.byte	40
 1049 03fc 1B       		.byte	27
 1050 03fd 88       		.byte	-120
 1051 03fe 20       		.byte	32
 1052 03ff 20       		.byte	32
 1053 0400 22       		.byte	34
 1054 0401 41       		.byte	65
 1055 0402 23       		.byte	35
 1056 0403 01       		.byte	1
 1057 0404 27       		.byte	39
 1058 0405 40       		.byte	64
 1059 0406 29       		.byte	41
 1060 0407 80       		.byte	-128
 1061 0408 2B       		.byte	43
 1062 0409 88       		.byte	-120
 1063 040a 30       		.byte	48
 1064 040b 81       		.byte	-127
 1065 040c 32       		.byte	50
 1066 040d 04       		.byte	4
 1067 040e 33       		.byte	51
 1068 040f 10       		.byte	16
 1069 0410 38       		.byte	56
 1070 0411 64       		.byte	100
 1071 0412 3B       		.byte	59
 1072 0413 01       		.byte	1
 1073 0414 3E       		.byte	62
 1074 0415 10       		.byte	16
 1075 0416 42       		.byte	66
 1076 0417 80       		.byte	-128
 1077 0418 46       		.byte	70
 1078 0419 80       		.byte	-128
 1079 041a 48       		.byte	72
 1080 041b 02       		.byte	2
 1081 041c 49       		.byte	73
 1082 041d 05       		.byte	5
 1083 041e 4C       		.byte	76
ARM GAS  C:\Users\brenn\AppData\Local\Temp\ccNOVsO2.s 			page 20


 1084 041f 02       		.byte	2
 1085 0420 50       		.byte	80
 1086 0421 02       		.byte	2
 1087 0422 53       		.byte	83
 1088 0423 01       		.byte	1
 1089 0424 59       		.byte	89
 1090 0425 02       		.byte	2
 1091 0426 69       		.byte	105
 1092 0427 54       		.byte	84
 1093 0428 70       		.byte	112
 1094 0429 90       		.byte	-112
 1095 042a 73       		.byte	115
 1096 042b 26       		.byte	38
 1097 042c 78       		.byte	120
 1098 042d 01       		.byte	1
 1099 042e 7A       		.byte	122
 1100 042f 80       		.byte	-128
 1101 0430 90       		.byte	-112
 1102 0431 40       		.byte	64
 1103 0432 91       		.byte	-111
 1104 0433 08       		.byte	8
 1105 0434 92       		.byte	-110
 1106 0435 10       		.byte	16
 1107 0436 94       		.byte	-108
 1108 0437 04       		.byte	4
 1109 0438 96       		.byte	-106
 1110 0439 AA       		.byte	-86
 1111 043a 9C       		.byte	-100
 1112 043b 80       		.byte	-128
 1113 043c 9D       		.byte	-99
 1114 043d 20       		.byte	32
 1115 043e 9E       		.byte	-98
 1116 043f 20       		.byte	32
 1117 0440 A4       		.byte	-92
 1118 0441 10       		.byte	16
 1119 0442 A6       		.byte	-90
 1120 0443 80       		.byte	-128
 1121 0444 A7       		.byte	-89
 1122 0445 80       		.byte	-128
 1123 0446 AB       		.byte	-85
 1124 0447 12       		.byte	18
 1125 0448 B4       		.byte	-76
 1126 0449 80       		.byte	-128
 1127 044a B6       		.byte	-74
 1128 044b 01       		.byte	1
 1129 044c C0       		.byte	-64
 1130 044d 05       		.byte	5
 1131 044e C2       		.byte	-62
 1132 044f 0F       		.byte	15
 1133 0450 C4       		.byte	-60
 1134 0451 0F       		.byte	15
 1135 0452 CA       		.byte	-54
 1136 0453 0D       		.byte	13
 1137 0454 CC       		.byte	-52
 1138 0455 0F       		.byte	15
 1139 0456 CE       		.byte	-50
 1140 0457 2F       		.byte	47
ARM GAS  C:\Users\brenn\AppData\Local\Temp\ccNOVsO2.s 			page 21


 1141 0458 D0       		.byte	-48
 1142 0459 81       		.byte	-127
 1143 045a D2       		.byte	-46
 1144 045b 18       		.byte	24
 1145 045c D6       		.byte	-42
 1146 045d 01       		.byte	1
 1147 045e EA       		.byte	-22
 1148 045f 10       		.byte	16
 1149 0460 EC       		.byte	-20
 1150 0461 10       		.byte	16
 1151 0462 EE       		.byte	-18
 1152 0463 40       		.byte	64
 1153 0464 40       		.byte	64
 1154 0465 60       		.byte	96
 1155 0466 41       		.byte	65
 1156 0467 02       		.byte	2
 1157 0468 49       		.byte	73
 1158 0469 FF       		.byte	-1
 1159 046a 4A       		.byte	74
 1160 046b FF       		.byte	-1
 1161 046c 4B       		.byte	75
 1162 046d FF       		.byte	-1
 1163 046e 4D       		.byte	77
 1164 046f A0       		.byte	-96
 1165 0470 4F       		.byte	79
 1166 0471 04       		.byte	4
 1167 0472 50       		.byte	80
 1168 0473 18       		.byte	24
 1169 0474 5A       		.byte	90
 1170 0475 04       		.byte	4
 1171 0476 5D       		.byte	93
 1172 0477 01       		.byte	1
 1173 0478 5F       		.byte	95
 1174 0479 01       		.byte	1
 1175 047a 60       		.byte	96
 1176 047b 40       		.byte	64
 1177 047c 62       		.byte	98
 1178 047d C0       		.byte	-64
 1179 047e 64       		.byte	100
 1180 047f 40       		.byte	64
 1181 0480 65       		.byte	101
 1182 0481 40       		.byte	64
 1183 0482 66       		.byte	102
 1184 0483 C0       		.byte	-64
 1185 0484 68       		.byte	104
 1186 0485 C0       		.byte	-64
 1187 0486 6A       		.byte	106
 1188 0487 C0       		.byte	-64
 1189 0488 6C       		.byte	108
 1190 0489 C0       		.byte	-64
 1191 048a 6E       		.byte	110
 1192 048b C0       		.byte	-64
 1193 048c 8D       		.byte	-115
 1194 048d 08       		.byte	8
 1195 048e 92       		.byte	-110
 1196 048f 01       		.byte	1
 1197 0490 95       		.byte	-107
ARM GAS  C:\Users\brenn\AppData\Local\Temp\ccNOVsO2.s 			page 22


 1198 0491 02       		.byte	2
 1199 0492 9A       		.byte	-102
 1200 0493 0E       		.byte	14
 1201 0494 9B       		.byte	-101
 1202 0495 0C       		.byte	12
 1203 0496 9F       		.byte	-97
 1204 0497 03       		.byte	3
 1205 0498 A2       		.byte	-94
 1206 0499 08       		.byte	8
 1207 049a A6       		.byte	-90
 1208 049b 04       		.byte	4
 1209 049c AA       		.byte	-86
 1210 049d 02       		.byte	2
 1211 049e B0       		.byte	-80
 1212 049f 04       		.byte	4
 1213 04a0 B1       		.byte	-79
 1214 04a1 04       		.byte	4
 1215 04a2 B2       		.byte	-78
 1216 04a3 02       		.byte	2
 1217 04a4 B3       		.byte	-77
 1218 04a5 01       		.byte	1
 1219 04a6 B4       		.byte	-76
 1220 04a7 01       		.byte	1
 1221 04a8 B5       		.byte	-75
 1222 04a9 08       		.byte	8
 1223 04aa B6       		.byte	-74
 1224 04ab 08       		.byte	8
 1225 04ac B7       		.byte	-73
 1226 04ad 02       		.byte	2
 1227 04ae BE       		.byte	-66
 1228 04af 04       		.byte	4
 1229 04b0 C0       		.byte	-64
 1230 04b1 20       		.byte	32
 1231 04b2 C1       		.byte	-63
 1232 04b3 06       		.byte	6
 1233 04b4 C5       		.byte	-59
 1234 04b5 D5       		.byte	-43
 1235 04b6 C6       		.byte	-58
 1236 04b7 01       		.byte	1
 1237 04b8 C7       		.byte	-57
 1238 04b9 02       		.byte	2
 1239 04ba C8       		.byte	-56
 1240 04bb 17       		.byte	23
 1241 04bc C9       		.byte	-55
 1242 04bd FF       		.byte	-1
 1243 04be CA       		.byte	-54
 1244 04bf FF       		.byte	-1
 1245 04c0 CB       		.byte	-53
 1246 04c1 FF       		.byte	-1
 1247 04c2 CD       		.byte	-51
 1248 04c3 AF       		.byte	-81
 1249 04c4 CE       		.byte	-50
 1250 04c5 0F       		.byte	15
 1251 04c6 CF       		.byte	-49
 1252 04c7 04       		.byte	4
 1253 04c8 D0       		.byte	-48
 1254 04c9 18       		.byte	24
ARM GAS  C:\Users\brenn\AppData\Local\Temp\ccNOVsO2.s 			page 23


 1255 04ca D2       		.byte	-46
 1256 04cb 80       		.byte	-128
 1257 04cc D4       		.byte	-44
 1258 04cd 07       		.byte	7
 1259 04ce D8       		.byte	-40
 1260 04cf 04       		.byte	4
 1261 04d0 D9       		.byte	-39
 1262 04d1 04       		.byte	4
 1263 04d2 DA       		.byte	-38
 1264 04d3 04       		.byte	4
 1265 04d4 DB       		.byte	-37
 1266 04d5 04       		.byte	4
 1267 04d6 DC       		.byte	-36
 1268 04d7 11       		.byte	17
 1269 04d8 DD       		.byte	-35
 1270 04d9 11       		.byte	17
 1271 04da DF       		.byte	-33
 1272 04db 01       		.byte	1
 1273 04dc E0       		.byte	-32
 1274 04dd 40       		.byte	64
 1275 04de E2       		.byte	-30
 1276 04df C0       		.byte	-64
 1277 04e0 E4       		.byte	-28
 1278 04e1 40       		.byte	64
 1279 04e2 E5       		.byte	-27
 1280 04e3 40       		.byte	64
 1281 04e4 E6       		.byte	-26
 1282 04e5 C0       		.byte	-64
 1283 04e6 E8       		.byte	-24
 1284 04e7 C0       		.byte	-64
 1285 04e8 EA       		.byte	-22
 1286 04e9 C0       		.byte	-64
 1287 04ea EC       		.byte	-20
 1288 04eb C0       		.byte	-64
 1289 04ec EE       		.byte	-18
 1290 04ed C0       		.byte	-64
 1291 04ee 0A       		.byte	10
 1292 04ef 44       		.byte	68
 1293 04f0 10       		.byte	16
 1294 04f1 A0       		.byte	-96
 1295 04f2 12       		.byte	18
 1296 04f3 04       		.byte	4
 1297 04f4 19       		.byte	25
 1298 04f5 04       		.byte	4
 1299 04f6 1A       		.byte	26
 1300 04f7 04       		.byte	4
 1301 04f8 1B       		.byte	27
 1302 04f9 52       		.byte	82
 1303 04fa 20       		.byte	32
 1304 04fb 40       		.byte	64
 1305 04fc 21       		.byte	33
 1306 04fd 08       		.byte	8
 1307 04fe 22       		.byte	34
 1308 04ff 50       		.byte	80
 1309 0500 30       		.byte	48
 1310 0501 A0       		.byte	-96
 1311 0502 31       		.byte	49
ARM GAS  C:\Users\brenn\AppData\Local\Temp\ccNOVsO2.s 			page 24


 1312 0503 08       		.byte	8
 1313 0504 38       		.byte	56
 1314 0505 40       		.byte	64
 1315 0506 42       		.byte	66
 1316 0507 04       		.byte	4
 1317 0508 46       		.byte	70
 1318 0509 04       		.byte	4
 1319 050a 48       		.byte	72
 1320 050b 28       		.byte	40
 1321 050c 49       		.byte	73
 1322 050d 01       		.byte	1
 1323 050e 4F       		.byte	79
 1324 050f 20       		.byte	32
 1325 0510 50       		.byte	80
 1326 0511 88       		.byte	-120
 1327 0512 52       		.byte	82
 1328 0513 04       		.byte	4
 1329 0514 59       		.byte	89
 1330 0515 05       		.byte	5
 1331 0516 5A       		.byte	90
 1332 0517 A0       		.byte	-96
 1333 0518 72       		.byte	114
 1334 0519 40       		.byte	64
 1335 051a C2       		.byte	-62
 1336 051b 0A       		.byte	10
 1337 051c C4       		.byte	-60
 1338 051d 0E       		.byte	14
 1339 051e CC       		.byte	-52
 1340 051f 0E       		.byte	14
 1341 0520 CE       		.byte	-50
 1342 0521 08       		.byte	8
 1343 0522 D0       		.byte	-48
 1344 0523 24       		.byte	36
 1345 0524 D2       		.byte	-46
 1346 0525 24       		.byte	36
 1347 0526 D6       		.byte	-42
 1348 0527 0F       		.byte	15
 1349 0528 EC       		.byte	-20
 1350 0529 10       		.byte	16
 1351 052a AF       		.byte	-81
 1352 052b 02       		.byte	2
 1353 052c B7       		.byte	-73
 1354 052d 40       		.byte	64
 1355 052e E8       		.byte	-24
 1356 052f 08       		.byte	8
 1357 0530 31       		.byte	49
 1358 0531 20       		.byte	32
 1359 0532 37       		.byte	55
 1360 0533 40       		.byte	64
 1361 0534 CC       		.byte	-52
 1362 0535 30       		.byte	48
 1363 0536 9F       		.byte	-97
 1364 0537 40       		.byte	64
 1365 0538 A5       		.byte	-91
 1366 0539 20       		.byte	32
 1367 053a 9F       		.byte	-97
 1368 053b 40       		.byte	64
ARM GAS  C:\Users\brenn\AppData\Local\Temp\ccNOVsO2.s 			page 25


 1369 053c A5       		.byte	-91
 1370 053d 20       		.byte	32
 1371 053e 9F       		.byte	-97
 1372 053f 40       		.byte	64
 1373 0540 A5       		.byte	-91
 1374 0541 20       		.byte	32
 1375 0542 7C       		.byte	124
 1376 0543 20       		.byte	32
 1377 0544 88       		.byte	-120
 1378 0545 20       		.byte	32
 1379 0546 DE       		.byte	-34
 1380 0547 01       		.byte	1
 1381 0548 E0       		.byte	-32
 1382 0549 01       		.byte	1
 1383 054a 45       		.byte	69
 1384 054b 02       		.byte	2
 1385 054c D0       		.byte	-48
 1386 054d 01       		.byte	1
 1387 054e A5       		.byte	-91
 1388 054f 02       		.byte	2
 1389 0550 03       		.byte	3
 1390 0551 02       		.byte	2
 1391 0552 27       		.byte	39
 1392 0553 04       		.byte	4
 1393 0554 5A       		.byte	90
 1394 0555 80       		.byte	-128
 1395 0556 9F       		.byte	-97
 1396 0557 04       		.byte	4
 1397 0558 B5       		.byte	-75
 1398 0559 20       		.byte	32
 1399 055a B7       		.byte	-73
 1400 055b 44       		.byte	68
 1401 055c C0       		.byte	-64
 1402 055d 40       		.byte	64
 1403 055e C8       		.byte	-56
 1404 055f 20       		.byte	32
 1405 0560 D4       		.byte	-44
 1406 0561 80       		.byte	-128
 1407 0562 AF       		.byte	-81
 1408 0563 02       		.byte	2
 1409 0564 B6       		.byte	-74
 1410 0565 40       		.byte	64
 1411 0566 E8       		.byte	-24
 1412 0567 10       		.byte	16
 1413 0568 5A       		.byte	90
 1414 0569 01       		.byte	1
 1415 056a 61       		.byte	97
 1416 056b 20       		.byte	32
 1417 056c B5       		.byte	-75
 1418 056d 02       		.byte	2
 1419 056e D6       		.byte	-42
 1420 056f 02       		.byte	2
 1421 0570 D8       		.byte	-40
 1422 0571 02       		.byte	2
 1423 0572 EC       		.byte	-20
 1424 0573 08       		.byte	8
 1425 0574 AE       		.byte	-82
ARM GAS  C:\Users\brenn\AppData\Local\Temp\ccNOVsO2.s 			page 26


 1426 0575 01       		.byte	1
 1427 0576 B5       		.byte	-75
 1428 0577 20       		.byte	32
 1429 0578 EC       		.byte	-20
 1430 0579 02       		.byte	2
 1431 057a 00       		.byte	0
 1432 057b 04       		.byte	4
 1433 057c 0A       		.byte	10
 1434 057d 04       		.byte	4
 1435 057e 10       		.byte	16
 1436 057f 06       		.byte	6
 1437 0580 11       		.byte	17
 1438 0581 01       		.byte	1
 1439 0582 1A       		.byte	26
 1440 0583 04       		.byte	4
 1441 0584 1B       		.byte	27
 1442 0585 01       		.byte	1
 1443 0586 1C       		.byte	28
 1444 0587 02       		.byte	2
 1445 0588 00       		.byte	0
 1446 0589 0F       		.byte	15
 1447 058a 00       		.byte	0
 1448 058b 00       		.byte	0
 1449 058c 00       		.byte	0
 1450 058d 73       		.byte	115
 1451 058e 00       		.byte	0
 1452 058f 0C       		.byte	12
 1453 0590 04       		.byte	4
 1454 0591 0F       		.byte	15
 1455 0592 00       		.byte	0
 1456 0593 70       		.byte	112
 1457 0594 00       		.byte	0
 1458 0595 04       		.byte	4
 1459 0596 00       		.byte	0
 1460 0597 00       		.byte	0
 1461 0598 04       		.byte	4
 1462 0599 7F       		.byte	127
 1463 059a 00       		.byte	0
 1464 059b 00       		.byte	0
 1465 059c 04       		.byte	4
 1466 059d 1C       		.byte	28
 1467 059e 00       		.byte	0
 1468 059f 63       		.byte	99
 1469 05a0 22       		.byte	34
 1470 05a1 63       		.byte	99
 1471 05a2 09       		.byte	9
 1472 05a3 00       		.byte	0
 1473 05a4 08       		.byte	8
 1474 05a5 0C       		.byte	12
 1475 05a6 30       		.byte	48
 1476 05a7 00       		.byte	0
 1477 05a8 11       		.byte	17
 1478 05a9 08       		.byte	8
 1479 05aa 0A       		.byte	10
 1480 05ab 00       		.byte	0
 1481 05ac 04       		.byte	4
 1482 05ad 00       		.byte	0
ARM GAS  C:\Users\brenn\AppData\Local\Temp\ccNOVsO2.s 			page 27


 1483 05ae 00       		.byte	0
 1484 05af 73       		.byte	115
 1485 05b0 7B       		.byte	123
 1486 05b1 00       		.byte	0
 1487 05b2 00       		.byte	0
 1488 05b3 00       		.byte	0
 1489 05b4 7B       		.byte	123
 1490 05b5 42       		.byte	66
 1491 05b6 00       		.byte	0
 1492 05b7 00       		.byte	0
 1493 05b8 40       		.byte	64
 1494 05b9 21       		.byte	33
 1495 05ba 00       		.byte	0
 1496 05bb 00       		.byte	0
 1497 05bc 04       		.byte	4
 1498 05bd 60       		.byte	96
 1499 05be 03       		.byte	3
 1500 05bf 1C       		.byte	28
 1501 05c0 38       		.byte	56
 1502 05c1 00       		.byte	0
 1503 05c2 40       		.byte	64
 1504 05c3 0F       		.byte	15
 1505 05c4 00       		.byte	0
 1506 05c5 00       		.byte	0
 1507 05c6 00       		.byte	0
 1508 05c7 80       		.byte	-128
 1509 05c8 00       		.byte	0
 1510 05c9 00       		.byte	0
 1511 05ca 01       		.byte	1
 1512 05cb 00       		.byte	0
 1513 05cc 45       		.byte	69
 1514 05cd 00       		.byte	0
 1515 05ce 00       		.byte	0
 1516 05cf 00       		.byte	0
 1517 05d0 00       		.byte	0
 1518 05d1 EC       		.byte	-20
 1519 05d2 00       		.byte	0
 1520 05d3 20       		.byte	32
 1521 05d4 23       		.byte	35
 1522 05d5 FF       		.byte	-1
 1523 05d6 FF       		.byte	-1
 1524 05d7 FF       		.byte	-1
 1525 05d8 00       		.byte	0
 1526 05d9 83       		.byte	-125
 1527 05da 03       		.byte	3
 1528 05db 01       		.byte	1
 1529 05dc 18       		.byte	24
 1530 05dd 00       		.byte	0
 1531 05de 00       		.byte	0
 1532 05df 00       		.byte	0
 1533 05e0 00       		.byte	0
 1534 05e1 00       		.byte	0
 1535 05e2 02       		.byte	2
 1536 05e3 13       		.byte	19
 1537 05e4 04       		.byte	4
 1538 05e5 04       		.byte	4
 1539 05e6 04       		.byte	4
ARM GAS  C:\Users\brenn\AppData\Local\Temp\ccNOVsO2.s 			page 28


 1540 05e7 04       		.byte	4
 1541 05e8 22       		.byte	34
 1542 05e9 29       		.byte	41
 1543 05ea 00       		.byte	0
 1544 05eb 01       		.byte	1
 1545 05ec 40       		.byte	64
 1546 05ed 00       		.byte	0
 1547 05ee 40       		.byte	64
 1548 05ef 00       		.byte	0
 1549 05f0 40       		.byte	64
 1550 05f1 40       		.byte	64
 1551 05f2 80       		.byte	-128
 1552 05f3 00       		.byte	0
 1553 05f4 80       		.byte	-128
 1554 05f5 00       		.byte	0
 1555 05f6 80       		.byte	-128
 1556 05f7 00       		.byte	0
 1557 05f8 80       		.byte	-128
 1558 05f9 00       		.byte	0
 1559 05fa 80       		.byte	-128
 1560 05fb 00       		.byte	0
 1561 05fc 00       		.byte	0
 1562 05fd 00       		.byte	0
 1563 05fe 00       		.byte	0
 1564 05ff 00       		.byte	0
 1565 0600 00       		.byte	0
 1566 0601 00       		.byte	0
 1567 0602 00       		.byte	0
 1568 0603 00       		.byte	0
 1569 0604 00       		.byte	0
 1570 0605 00       		.byte	0
 1571 0606 00       		.byte	0
 1572 0607 00       		.byte	0
 1573 0608 00       		.byte	0
 1574 0609 00       		.byte	0
 1575 060a 00       		.byte	0
 1576 060b 00       		.byte	0
 1577 060c 00       		.byte	0
 1578 060d 63       		.byte	99
 1579 060e 63       		.byte	99
 1580 060f 00       		.byte	0
 1581 0610 00       		.byte	0
 1582 0611 00       		.byte	0
 1583 0612 00       		.byte	0
 1584 0613 00       		.byte	0
 1585 0614 3C       		.byte	60
 1586 0615 00       		.byte	0
 1587 0616 00       		.byte	0
 1588 0617 00       		.byte	0
 1589 0618 00       		.byte	0
 1590 0619 00       		.byte	0
 1591 061a 00       		.byte	0
 1592 061b 00       		.byte	0
 1593 061c 03       		.byte	3
 1594 061d 00       		.byte	0
 1595 061e 04       		.byte	4
 1596 061f 03       		.byte	3
ARM GAS  C:\Users\brenn\AppData\Local\Temp\ccNOVsO2.s 			page 29


 1597 0620 02       		.byte	2
 1598 0621 00       		.byte	0
 1599 0622 02       		.byte	2
 1600 0623 00       		.byte	0
 1601 0624 20       		.byte	32
 1602 0625 00       		.byte	0
 1603 0626 00       		.byte	0
 1604 0627 00       		.byte	0
 1605 0628 00       		.byte	0
 1606 0629 3B       		.byte	59
 1607 062a 3B       		.byte	59
 1608 062b 00       		.byte	0
 1609 062c 30       		.byte	48
 1610 062d 00       		.byte	0
 1611 062e 04       		.byte	4
 1612 062f 00       		.byte	0
 1613 0630 00       		.byte	0
 1614 0631 7F       		.byte	127
 1615 0632 7F       		.byte	127
 1616 0633 00       		.byte	0
 1617 0634 00       		.byte	0
 1618 0635 00       		.byte	0
 1619 0636 80       		.byte	-128
 1620 0637 00       		.byte	0
 1621 0638 E0       		.byte	-32
 1622 0639 00       		.byte	0
 1623 063a 00       		.byte	0
 1624 063b E0       		.byte	-32
 1625 063c 1A       		.byte	26
 1626 063d 00       		.byte	0
 1627 063e 00       		.byte	0
 1628 063f 00       		.byte	0
 1629 0640 00       		.byte	0
 1630 0641 00       		.byte	0
 1631 0642 00       		.byte	0
 1632 0643 00       		.byte	0
 1633 0644 25       		.byte	37
 1634 0645 00       		.byte	0
 1635 0646 18       		.byte	24
 1636 0647 01       		.byte	1
 1637              		.section	.cywolatch,"a",%progbits
 1638              		.align	2
 1639              		.type	cy_meta_wonvl, %object
 1640              		.size	cy_meta_wonvl, 4
 1641              	cy_meta_wonvl:
 1642 0000 BC       		.byte	-68
 1643 0001 90       		.byte	-112
 1644 0002 AC       		.byte	-84
 1645 0003 AF       		.byte	-81
 1646              		.section	.cycustnvl,"a",%progbits
 1647              		.align	2
 1648              		.type	cy_meta_custnvl, %object
 1649              		.size	cy_meta_custnvl, 4
 1650              	cy_meta_custnvl:
 1651 0000 00       		.byte	0
 1652 0001 00       		.byte	0
 1653 0002 40       		.byte	64
ARM GAS  C:\Users\brenn\AppData\Local\Temp\ccNOVsO2.s 			page 30


 1654 0003 05       		.byte	5
 1655              		.section	.cymeta,"a",%progbits
 1656              		.align	2
 1657              		.type	cy_metadata, %object
 1658              		.size	cy_metadata, 12
 1659              	cy_metadata:
 1660 0000 00       		.byte	0
 1661 0001 01       		.byte	1
 1662 0002 2E       		.byte	46
 1663 0003 16       		.byte	22
 1664 0004 10       		.byte	16
 1665 0005 69       		.byte	105
 1666 0006 00       		.byte	0
 1667 0007 01       		.byte	1
 1668 0008 00       		.byte	0
 1669 0009 00       		.byte	0
 1670 000a 00       		.byte	0
 1671 000b 00       		.byte	0
 1672              		.section	.cyflashprotect,"a",%progbits
 1673              		.align	2
 1674              		.type	cy_meta_flashprotect, %object
 1675              		.size	cy_meta_flashprotect, 256
 1676              	cy_meta_flashprotect:
 1677 0000 00000000 		.space	256
 1677      00000000 
 1677      00000000 
 1677      00000000 
 1677      00000000 
 1678              		.text
 1679              	.Letext0:
 1680              		.file 1 "c:\\program files (x86)\\cypress\\psoc creator\\4.4\\psoc creator\\import\\gnu\\arm\\5.4.
 1681              		.file 2 "c:\\program files (x86)\\cypress\\psoc creator\\4.4\\psoc creator\\import\\gnu\\arm\\5.4.
 1682              		.file 3 "Generated_Source\\PSoC5\\cymetadata.c"
 1683              		.section	.debug_info,"",%progbits
 1684              	.Ldebug_info0:
 1685 0000 34010000 		.4byte	0x134
 1686 0004 0400     		.2byte	0x4
 1687 0006 00000000 		.4byte	.Ldebug_abbrev0
 1688 000a 04       		.byte	0x4
 1689 000b 01       		.uleb128 0x1
 1690 000c 24000000 		.4byte	.LASF17
 1691 0010 0C       		.byte	0xc
 1692 0011 BD010000 		.4byte	.LASF18
 1693 0015 72010000 		.4byte	.LASF19
 1694 0019 00000000 		.4byte	.Ldebug_line0
 1695 001d 02       		.uleb128 0x2
 1696 001e 01       		.byte	0x1
 1697 001f 06       		.byte	0x6
 1698 0020 B1010000 		.4byte	.LASF0
 1699 0024 03       		.uleb128 0x3
 1700 0025 00000000 		.4byte	.LASF9
 1701 0029 01       		.byte	0x1
 1702 002a 1D       		.byte	0x1d
 1703 002b 2F000000 		.4byte	0x2f
 1704 002f 02       		.uleb128 0x2
 1705 0030 01       		.byte	0x1
 1706 0031 08       		.byte	0x8
ARM GAS  C:\Users\brenn\AppData\Local\Temp\ccNOVsO2.s 			page 31


 1707 0032 16000000 		.4byte	.LASF1
 1708 0036 02       		.uleb128 0x2
 1709 0037 02       		.byte	0x2
 1710 0038 05       		.byte	0x5
 1711 0039 5F010000 		.4byte	.LASF2
 1712 003d 02       		.uleb128 0x2
 1713 003e 02       		.byte	0x2
 1714 003f 07       		.byte	0x7
 1715 0040 C4000000 		.4byte	.LASF3
 1716 0044 02       		.uleb128 0x2
 1717 0045 04       		.byte	0x4
 1718 0046 05       		.byte	0x5
 1719 0047 69010000 		.4byte	.LASF4
 1720 004b 02       		.uleb128 0x2
 1721 004c 04       		.byte	0x4
 1722 004d 07       		.byte	0x7
 1723 004e B2000000 		.4byte	.LASF5
 1724 0052 02       		.uleb128 0x2
 1725 0053 08       		.byte	0x8
 1726 0054 05       		.byte	0x5
 1727 0055 51010000 		.4byte	.LASF6
 1728 0059 02       		.uleb128 0x2
 1729 005a 08       		.byte	0x8
 1730 005b 07       		.byte	0x7
 1731 005c 06010000 		.4byte	.LASF7
 1732 0060 04       		.uleb128 0x4
 1733 0061 04       		.byte	0x4
 1734 0062 05       		.byte	0x5
 1735 0063 696E7400 		.ascii	"int\000"
 1736 0067 02       		.uleb128 0x2
 1737 0068 04       		.byte	0x4
 1738 0069 07       		.byte	0x7
 1739 006a F9000000 		.4byte	.LASF8
 1740 006e 03       		.uleb128 0x3
 1741 006f 1D010000 		.4byte	.LASF10
 1742 0073 02       		.byte	0x2
 1743 0074 18       		.byte	0x18
 1744 0075 24000000 		.4byte	0x24
 1745 0079 05       		.uleb128 0x5
 1746 007a 91000000 		.4byte	0x91
 1747 007e 8A000000 		.4byte	0x8a
 1748 0082 06       		.uleb128 0x6
 1749 0083 8A000000 		.4byte	0x8a
 1750 0087 4706     		.2byte	0x647
 1751 0089 00       		.byte	0
 1752 008a 02       		.uleb128 0x2
 1753 008b 04       		.byte	0x4
 1754 008c 07       		.byte	0x7
 1755 008d 48010000 		.4byte	.LASF11
 1756 0091 07       		.uleb128 0x7
 1757 0092 6E000000 		.4byte	0x6e
 1758 0096 08       		.uleb128 0x8
 1759 0097 E7000000 		.4byte	.LASF12
 1760 009b 03       		.byte	0x3
 1761 009c 1F       		.byte	0x1f
 1762 009d A7000000 		.4byte	0xa7
 1763 00a1 05       		.uleb128 0x5
ARM GAS  C:\Users\brenn\AppData\Local\Temp\ccNOVsO2.s 			page 32


 1764 00a2 03       		.byte	0x3
 1765 00a3 00000000 		.4byte	cy_meta_configecc
 1766 00a7 07       		.uleb128 0x7
 1767 00a8 79000000 		.4byte	0x79
 1768 00ac 05       		.uleb128 0x5
 1769 00ad 91000000 		.4byte	0x91
 1770 00b1 BC000000 		.4byte	0xbc
 1771 00b5 09       		.uleb128 0x9
 1772 00b6 8A000000 		.4byte	0x8a
 1773 00ba 03       		.byte	0x3
 1774 00bb 00       		.byte	0
 1775 00bc 08       		.uleb128 0x8
 1776 00bd D7000000 		.4byte	.LASF13
 1777 00c1 03       		.byte	0x3
 1778 00c2 F5       		.byte	0xf5
 1779 00c3 CD000000 		.4byte	0xcd
 1780 00c7 05       		.uleb128 0x5
 1781 00c8 03       		.byte	0x3
 1782 00c9 00000000 		.4byte	cy_meta_custnvl
 1783 00cd 07       		.uleb128 0x7
 1784 00ce AC000000 		.4byte	0xac
 1785 00d2 0A       		.uleb128 0xa
 1786 00d3 3A010000 		.4byte	.LASF14
 1787 00d7 03       		.byte	0x3
 1788 00d8 0301     		.2byte	0x103
 1789 00da E4000000 		.4byte	0xe4
 1790 00de 05       		.uleb128 0x5
 1791 00df 03       		.byte	0x3
 1792 00e0 00000000 		.4byte	cy_meta_wonvl
 1793 00e4 07       		.uleb128 0x7
 1794 00e5 AC000000 		.4byte	0xac
 1795 00e9 05       		.uleb128 0x5
 1796 00ea 91000000 		.4byte	0x91
 1797 00ee F9000000 		.4byte	0xf9
 1798 00f2 09       		.uleb128 0x9
 1799 00f3 8A000000 		.4byte	0x8a
 1800 00f7 FF       		.byte	0xff
 1801 00f8 00       		.byte	0
 1802 00f9 0A       		.uleb128 0xa
 1803 00fa 25010000 		.4byte	.LASF15
 1804 00fe 03       		.byte	0x3
 1805 00ff 1101     		.2byte	0x111
 1806 0101 0B010000 		.4byte	0x10b
 1807 0105 05       		.uleb128 0x5
 1808 0106 03       		.byte	0x3
 1809 0107 00000000 		.4byte	cy_meta_flashprotect
 1810 010b 07       		.uleb128 0x7
 1811 010c E9000000 		.4byte	0xe9
 1812 0110 05       		.uleb128 0x5
 1813 0111 91000000 		.4byte	0x91
 1814 0115 20010000 		.4byte	0x120
 1815 0119 09       		.uleb128 0x9
 1816 011a 8A000000 		.4byte	0x8a
 1817 011e 0B       		.byte	0xb
 1818 011f 00       		.byte	0
 1819 0120 0A       		.uleb128 0xa
 1820 0121 0A000000 		.4byte	.LASF16
ARM GAS  C:\Users\brenn\AppData\Local\Temp\ccNOVsO2.s 			page 33


 1821 0125 03       		.byte	0x3
 1822 0126 3E01     		.2byte	0x13e
 1823 0128 32010000 		.4byte	0x132
 1824 012c 05       		.uleb128 0x5
 1825 012d 03       		.byte	0x3
 1826 012e 00000000 		.4byte	cy_metadata
 1827 0132 07       		.uleb128 0x7
 1828 0133 10010000 		.4byte	0x110
 1829 0137 00       		.byte	0
 1830              		.section	.debug_abbrev,"",%progbits
 1831              	.Ldebug_abbrev0:
 1832 0000 01       		.uleb128 0x1
 1833 0001 11       		.uleb128 0x11
 1834 0002 01       		.byte	0x1
 1835 0003 25       		.uleb128 0x25
 1836 0004 0E       		.uleb128 0xe
 1837 0005 13       		.uleb128 0x13
 1838 0006 0B       		.uleb128 0xb
 1839 0007 03       		.uleb128 0x3
 1840 0008 0E       		.uleb128 0xe
 1841 0009 1B       		.uleb128 0x1b
 1842 000a 0E       		.uleb128 0xe
 1843 000b 10       		.uleb128 0x10
 1844 000c 17       		.uleb128 0x17
 1845 000d 00       		.byte	0
 1846 000e 00       		.byte	0
 1847 000f 02       		.uleb128 0x2
 1848 0010 24       		.uleb128 0x24
 1849 0011 00       		.byte	0
 1850 0012 0B       		.uleb128 0xb
 1851 0013 0B       		.uleb128 0xb
 1852 0014 3E       		.uleb128 0x3e
 1853 0015 0B       		.uleb128 0xb
 1854 0016 03       		.uleb128 0x3
 1855 0017 0E       		.uleb128 0xe
 1856 0018 00       		.byte	0
 1857 0019 00       		.byte	0
 1858 001a 03       		.uleb128 0x3
 1859 001b 16       		.uleb128 0x16
 1860 001c 00       		.byte	0
 1861 001d 03       		.uleb128 0x3
 1862 001e 0E       		.uleb128 0xe
 1863 001f 3A       		.uleb128 0x3a
 1864 0020 0B       		.uleb128 0xb
 1865 0021 3B       		.uleb128 0x3b
 1866 0022 0B       		.uleb128 0xb
 1867 0023 49       		.uleb128 0x49
 1868 0024 13       		.uleb128 0x13
 1869 0025 00       		.byte	0
 1870 0026 00       		.byte	0
 1871 0027 04       		.uleb128 0x4
 1872 0028 24       		.uleb128 0x24
 1873 0029 00       		.byte	0
 1874 002a 0B       		.uleb128 0xb
 1875 002b 0B       		.uleb128 0xb
 1876 002c 3E       		.uleb128 0x3e
 1877 002d 0B       		.uleb128 0xb
ARM GAS  C:\Users\brenn\AppData\Local\Temp\ccNOVsO2.s 			page 34


 1878 002e 03       		.uleb128 0x3
 1879 002f 08       		.uleb128 0x8
 1880 0030 00       		.byte	0
 1881 0031 00       		.byte	0
 1882 0032 05       		.uleb128 0x5
 1883 0033 01       		.uleb128 0x1
 1884 0034 01       		.byte	0x1
 1885 0035 49       		.uleb128 0x49
 1886 0036 13       		.uleb128 0x13
 1887 0037 01       		.uleb128 0x1
 1888 0038 13       		.uleb128 0x13
 1889 0039 00       		.byte	0
 1890 003a 00       		.byte	0
 1891 003b 06       		.uleb128 0x6
 1892 003c 21       		.uleb128 0x21
 1893 003d 00       		.byte	0
 1894 003e 49       		.uleb128 0x49
 1895 003f 13       		.uleb128 0x13
 1896 0040 2F       		.uleb128 0x2f
 1897 0041 05       		.uleb128 0x5
 1898 0042 00       		.byte	0
 1899 0043 00       		.byte	0
 1900 0044 07       		.uleb128 0x7
 1901 0045 26       		.uleb128 0x26
 1902 0046 00       		.byte	0
 1903 0047 49       		.uleb128 0x49
 1904 0048 13       		.uleb128 0x13
 1905 0049 00       		.byte	0
 1906 004a 00       		.byte	0
 1907 004b 08       		.uleb128 0x8
 1908 004c 34       		.uleb128 0x34
 1909 004d 00       		.byte	0
 1910 004e 03       		.uleb128 0x3
 1911 004f 0E       		.uleb128 0xe
 1912 0050 3A       		.uleb128 0x3a
 1913 0051 0B       		.uleb128 0xb
 1914 0052 3B       		.uleb128 0x3b
 1915 0053 0B       		.uleb128 0xb
 1916 0054 49       		.uleb128 0x49
 1917 0055 13       		.uleb128 0x13
 1918 0056 3F       		.uleb128 0x3f
 1919 0057 19       		.uleb128 0x19
 1920 0058 02       		.uleb128 0x2
 1921 0059 18       		.uleb128 0x18
 1922 005a 00       		.byte	0
 1923 005b 00       		.byte	0
 1924 005c 09       		.uleb128 0x9
 1925 005d 21       		.uleb128 0x21
 1926 005e 00       		.byte	0
 1927 005f 49       		.uleb128 0x49
 1928 0060 13       		.uleb128 0x13
 1929 0061 2F       		.uleb128 0x2f
 1930 0062 0B       		.uleb128 0xb
 1931 0063 00       		.byte	0
 1932 0064 00       		.byte	0
 1933 0065 0A       		.uleb128 0xa
 1934 0066 34       		.uleb128 0x34
ARM GAS  C:\Users\brenn\AppData\Local\Temp\ccNOVsO2.s 			page 35


 1935 0067 00       		.byte	0
 1936 0068 03       		.uleb128 0x3
 1937 0069 0E       		.uleb128 0xe
 1938 006a 3A       		.uleb128 0x3a
 1939 006b 0B       		.uleb128 0xb
 1940 006c 3B       		.uleb128 0x3b
 1941 006d 05       		.uleb128 0x5
 1942 006e 49       		.uleb128 0x49
 1943 006f 13       		.uleb128 0x13
 1944 0070 3F       		.uleb128 0x3f
 1945 0071 19       		.uleb128 0x19
 1946 0072 02       		.uleb128 0x2
 1947 0073 18       		.uleb128 0x18
 1948 0074 00       		.byte	0
 1949 0075 00       		.byte	0
 1950 0076 00       		.byte	0
 1951              		.section	.debug_aranges,"",%progbits
 1952 0000 14000000 		.4byte	0x14
 1953 0004 0200     		.2byte	0x2
 1954 0006 00000000 		.4byte	.Ldebug_info0
 1955 000a 04       		.byte	0x4
 1956 000b 00       		.byte	0
 1957 000c 0000     		.2byte	0
 1958 000e 0000     		.2byte	0
 1959 0010 00000000 		.4byte	0
 1960 0014 00000000 		.4byte	0
 1961              		.section	.debug_line,"",%progbits
 1962              	.Ldebug_line0:
 1963 0000 3D010000 		.section	.debug_str,"MS",%progbits,1
 1963      02003701 
 1963      00000201 
 1963      FB0E0D00 
 1963      01010101 
 1964              	.LASF9:
 1965 0000 5F5F7569 		.ascii	"__uint8_t\000"
 1965      6E74385F 
 1965      7400
 1966              	.LASF16:
 1967 000a 63795F6D 		.ascii	"cy_metadata\000"
 1967      65746164 
 1967      61746100 
 1968              	.LASF1:
 1969 0016 756E7369 		.ascii	"unsigned char\000"
 1969      676E6564 
 1969      20636861 
 1969      7200
 1970              	.LASF17:
 1971 0024 474E5520 		.ascii	"GNU C11 5.4.1 20160609 (release) [ARM/embedded-5-br"
 1971      43313120 
 1971      352E342E 
 1971      31203230 
 1971      31363036 
 1972 0057 616E6368 		.ascii	"anch revision 237715] -mcpu=cortex-m3 -mthumb -g -O"
 1972      20726576 
 1972      6973696F 
 1972      6E203233 
 1972      37373135 
ARM GAS  C:\Users\brenn\AppData\Local\Temp\ccNOVsO2.s 			page 36


 1973 008a 67202D66 		.ascii	"g -ffunction-sections -ffat-lto-objects\000"
 1973      66756E63 
 1973      74696F6E 
 1973      2D736563 
 1973      74696F6E 
 1974              	.LASF5:
 1975 00b2 6C6F6E67 		.ascii	"long unsigned int\000"
 1975      20756E73 
 1975      69676E65 
 1975      6420696E 
 1975      7400
 1976              	.LASF3:
 1977 00c4 73686F72 		.ascii	"short unsigned int\000"
 1977      7420756E 
 1977      7369676E 
 1977      65642069 
 1977      6E7400
 1978              	.LASF13:
 1979 00d7 63795F6D 		.ascii	"cy_meta_custnvl\000"
 1979      6574615F 
 1979      63757374 
 1979      6E766C00 
 1980              	.LASF12:
 1981 00e7 63795F6D 		.ascii	"cy_meta_configecc\000"
 1981      6574615F 
 1981      636F6E66 
 1981      69676563 
 1981      6300
 1982              	.LASF8:
 1983 00f9 756E7369 		.ascii	"unsigned int\000"
 1983      676E6564 
 1983      20696E74 
 1983      00
 1984              	.LASF7:
 1985 0106 6C6F6E67 		.ascii	"long long unsigned int\000"
 1985      206C6F6E 
 1985      6720756E 
 1985      7369676E 
 1985      65642069 
 1986              	.LASF10:
 1987 011d 75696E74 		.ascii	"uint8_t\000"
 1987      385F7400 
 1988              	.LASF15:
 1989 0125 63795F6D 		.ascii	"cy_meta_flashprotect\000"
 1989      6574615F 
 1989      666C6173 
 1989      6870726F 
 1989      74656374 
 1990              	.LASF14:
 1991 013a 63795F6D 		.ascii	"cy_meta_wonvl\000"
 1991      6574615F 
 1991      776F6E76 
 1991      6C00
 1992              	.LASF11:
 1993 0148 73697A65 		.ascii	"sizetype\000"
 1993      74797065 
 1993      00
ARM GAS  C:\Users\brenn\AppData\Local\Temp\ccNOVsO2.s 			page 37


 1994              	.LASF6:
 1995 0151 6C6F6E67 		.ascii	"long long int\000"
 1995      206C6F6E 
 1995      6720696E 
 1995      7400
 1996              	.LASF2:
 1997 015f 73686F72 		.ascii	"short int\000"
 1997      7420696E 
 1997      7400
 1998              	.LASF4:
 1999 0169 6C6F6E67 		.ascii	"long int\000"
 1999      20696E74 
 1999      00
 2000              	.LASF19:
 2001 0172 433A5C55 		.ascii	"C:\\Users\\brenn\\Downloads\\BA3\\ELECH310\\Project"
 2001      73657273 
 2001      5C627265 
 2001      6E6E5C44 
 2001      6F776E6C 
 2002 019f 5C4E6576 		.ascii	"\\Never Lose.cydsn\000"
 2002      6572204C 
 2002      6F73652E 
 2002      63796473 
 2002      6E00
 2003              	.LASF0:
 2004 01b1 7369676E 		.ascii	"signed char\000"
 2004      65642063 
 2004      68617200 
 2005              	.LASF18:
 2006 01bd 47656E65 		.ascii	"Generated_Source\\PSoC5\\cymetadata.c\000"
 2006      72617465 
 2006      645F536F 
 2006      75726365 
 2006      5C50536F 
 2007              		.ident	"GCC: (GNU Tools for ARM Embedded Processors) 5.4.1 20160609 (release) [ARM/embedded-5-bran
