--------------- Clean Started: 05/11/2023 11:15:13 Project: Never Lose, Configuration: ARM GCC 5.4-2016-q2-update Debug ---------------
Deleting file ".\CortexM3\ARM_GCC_541\Debug\main.o"
Deleting file ".\CortexM3\ARM_GCC_541\Debug\keypad.o"
Deleting file ".\CortexM3\ARM_GCC_541\Debug\cyfitter_cfg.o"
Deleting file ".\CortexM3\ARM_GCC_541\Debug\cymetadata.o"
Deleting file ".\CortexM3\ARM_GCC_541\Debug\Cm3Start.o"
Deleting file ".\CortexM3\ARM_GCC_541\Debug\CyBootAsmGnu.o"
Deleting file ".\CortexM3\ARM_GCC_541\Debug\CyDmac.o"
Deleting file ".\CortexM3\ARM_GCC_541\Debug\CyFlash.o"
Deleting file ".\CortexM3\ARM_GCC_541\Debug\CyLib.o"
Deleting file ".\CortexM3\ARM_GCC_541\Debug\cyPm.o"
Deleting file ".\CortexM3\ARM_GCC_541\Debug\CySpc.o"
Deleting file ".\CortexM3\ARM_GCC_541\Debug\cyutils.o"
Deleting file ".\CortexM3\ARM_GCC_541\Debug\cy_em_eeprom.o"
Deleting file ".\CortexM3\ARM_GCC_541\Debug\SW_1.o"
Deleting file ".\CortexM3\ARM_GCC_541\Debug\SW_2.o"
Deleting file ".\CortexM3\ARM_GCC_541\Debug\SW_3.o"
Deleting file ".\CortexM3\ARM_GCC_541\Debug\SW_4.o"
Deleting file ".\CortexM3\ARM_GCC_541\Debug\LED_2.o"
Deleting file ".\CortexM3\ARM_GCC_541\Debug\LED_3.o"
Deleting file ".\CortexM3\ARM_GCC_541\Debug\UART.o"
Deleting file ".\CortexM3\ARM_GCC_541\Debug\UART_PM.o"
Deleting file ".\CortexM3\ARM_GCC_541\Debug\UART_INT.o"
Deleting file ".\CortexM3\ARM_GCC_541\Debug\UART_BOOT.o"
Deleting file ".\CortexM3\ARM_GCC_541\Debug\Clock.o"
Deleting file ".\CortexM3\ARM_GCC_541\Debug\PWM.o"
Deleting file ".\CortexM3\ARM_GCC_541\Debug\PWM_PM.o"
Deleting file ".\CortexM3\ARM_GCC_541\Debug\SM_1.o"
Deleting file ".\CortexM3\ARM_GCC_541\Debug\SM_2.o"
Deleting file ".\CortexM3\ARM_GCC_541\Debug\LED_1.o"
Deleting file ".\CortexM3\ARM_GCC_541\Debug\LED_4.o"
Deleting file ".\CortexM3\ARM_GCC_541\Debug\Timer.o"
Deleting file ".\CortexM3\ARM_GCC_541\Debug\Timer_PM.o"
Deleting file ".\CortexM3\ARM_GCC_541\Debug\ADC.o"
Deleting file ".\CortexM3\ARM_GCC_541\Debug\ADC_PM.o"
Deleting file ".\CortexM3\ARM_GCC_541\Debug\ADC_INT.o"
Deleting file ".\CortexM3\ARM_GCC_541\Debug\LCD.o"
Deleting file ".\CortexM3\ARM_GCC_541\Debug\LCD_PM.o"
Deleting file ".\CortexM3\ARM_GCC_541\Debug\PR_1.o"
Deleting file ".\CortexM3\ARM_GCC_541\Debug\PR_2.o"
Deleting file ".\CortexM3\ARM_GCC_541\Debug\UART_IntClock.o"
Deleting file ".\CortexM3\ARM_GCC_541\Debug\ADC_Ext_CP_Clk.o"
Deleting file ".\CortexM3\ARM_GCC_541\Debug\ADC_IRQ.o"
Deleting file ".\CortexM3\ARM_GCC_541\Debug\ADC_theACLK.o"
Deleting file ".\CortexM3\ARM_GCC_541\Debug\LCD_LCDPort.o"
Deleting file ".\CortexM3\ARM_GCC_541\Debug\ROW0.o"
Deleting file ".\CortexM3\ARM_GCC_541\Debug\ROW1.o"
Deleting file ".\CortexM3\ARM_GCC_541\Debug\ROW2.o"
Deleting file ".\CortexM3\ARM_GCC_541\Debug\ROW3.o"
Deleting file ".\CortexM3\ARM_GCC_541\Debug\COL1.o"
Deleting file ".\CortexM3\ARM_GCC_541\Debug\COL2.o"
Deleting file ".\CortexM3\ARM_GCC_541\Debug\COL3.o"
Deleting file ".\CortexM3\ARM_GCC_541\Debug\RX_ISR.o"
Deleting file ".\CortexM3\ARM_GCC_541\Debug\Timer_ISR.o"
Deleting file ".\CortexM3\ARM_GCC_541\Debug\VDAC.o"
Deleting file ".\CortexM3\ARM_GCC_541\Debug\VDAC_PM.o"
Deleting file ".\CortexM3\ARM_GCC_541\Debug\DAC_OUT.o"
Deleting file ".\CortexM3\ARM_GCC_541\Debug\AMux.o"
Deleting file ".\CortexM3\ARM_GCC_541\Debug\ADC_AMux.o"
Deleting file ".\CortexM3\ARM_GCC_541\Debug\Never Lose.hex"
Deleting file ".\CortexM3\ARM_GCC_541\Debug\Never Lose.elf"
Deleting file ".\CortexM3\ARM_GCC_541\Debug\Never Lose.map"
Deleting file ".\Never Lose.cycdx"
Deleting file ".\Never Lose.svd"
Deleting file ".\Never Lose.rpt"
Deleting file ".\Never Lose_timing.html"
Deleting file ".\CortexM3\ARM_GCC_541\Debug\.deps\SOURCE_C__ARM_GCC_GENERIC.P"
Deleting file ".\CortexM3\ARM_GCC_541\Debug\.deps\SOURCE_ASM__ARM_GCC_GENERIC.P"
--------------- Clean Succeeded: 05/11/2023 11:15:13 ---------------
